

Version:	3.8
CmdLine:	C:\Users\John Doe\Desktop\FIRESYSTEM\cv\FIRE_SYSTEM\FireSystem\FireSystem.exe --l4j-debug
WOW64:		yes
64-bit search:	SOFTWARE\JavaSoft\Java Runtime Environment...
Check:		SOFTWARE\JavaSoft\Java Runtime Environment\1.7
Ignore:		1.7
Check:		SOFTWARE\JavaSoft\Java Runtime Environment\1.7.0_80
Check launcher:	C:\Program Files\Java\jre7\bin\javaw.exe (OK)
Match:		1.7.0_80
Check:		SOFTWARE\JavaSoft\Java Runtime Environment\1.8
Check launcher:	C:\Program Files\Java\jre1.8.0_45\bin\javaw.exe (OK)
Match:		1.8
Check:		SOFTWARE\JavaSoft\Java Runtime Environment\1.8.0_40
Check launcher:	C:\Program Files\Java\jre1.8.0_40\bin\javaw.exe (OK)
Match:		1.8.0_40
Check:		SOFTWARE\JavaSoft\Java Runtime Environment\1.8.0_45
Check launcher:	C:\Program Files\Java\jre1.8.0_45\bin\javaw.exe (OK)
Match:		1.8.0_45
64-bit search:	SOFTWARE\JavaSoft\Java Development Kit...
Check:		SOFTWARE\JavaSoft\Java Development Kit\1.7
Ignore:		1.7
Check:		SOFTWARE\JavaSoft\Java Development Kit\1.7.0_80
Ignore:		1.7.0_80
Check:		SOFTWARE\JavaSoft\Java Development Kit\1.8
Ignore:		1.8
Check:		SOFTWARE\JavaSoft\Java Development Kit\1.8.0_45
Ignore:		1.8.0_45
Runtime used:	1.8.0_45 (64-bit)
Launcher:	C:\Program Files\Java\jre1.8.0_45\bin\javaw.exe
Launcher args:	-jar "C:\Users\John Doe\Desktop\FIRESYSTEM\cv\FIRE_SYSTEM\FireSystem\FireSystem.exe" -jar
Args length:	89/32768 chars
Exit code:	0


Version:	3.8
CmdLine:	C:\Users\John Doe\Desktop\FIRESYSTEM\cv\FIRE_SYSTEM\FireSystem\FireSystem.exe --l4j-debug
WOW64:		yes
Working dir:	C:\Users\John Doe\Desktop\FIRESYSTEM\cv\FIRE_SYSTEM\FireSystem\.
64-bit search:	SOFTWARE\JavaSoft\Java Runtime Environment...
Check:		SOFTWARE\JavaSoft\Java Runtime Environment\1.7
Ignore:		1.7
Check:		SOFTWARE\JavaSoft\Java Runtime Environment\1.7.0_80
Check launcher:	C:\Program Files\Java\jre7\bin\javaw.exe (OK)
Match:		1.7.0_80
Check:		SOFTWARE\JavaSoft\Java Runtime Environment\1.8
Check launcher:	C:\Program Files\Java\jre1.8.0_45\bin\javaw.exe (OK)
Match:		1.8
Check:		SOFTWARE\JavaSoft\Java Runtime Environment\1.8.0_40
Check launcher:	C:\Program Files\Java\jre1.8.0_40\bin\javaw.exe (OK)
Match:		1.8.0_40
Check:		SOFTWARE\JavaSoft\Java Runtime Environment\1.8.0_45
Check launcher:	C:\Program Files\Java\jre1.8.0_45\bin\javaw.exe (OK)
Match:		1.8.0_45
64-bit search:	SOFTWARE\JavaSoft\Java Development Kit...
Check:		SOFTWARE\JavaSoft\Java Development Kit\1.7
Ignore:		1.7
Check:		SOFTWARE\JavaSoft\Java Development Kit\1.7.0_80
Ignore:		1.7.0_80
Check:		SOFTWARE\JavaSoft\Java Development Kit\1.8
Ignore:		1.8
Check:		SOFTWARE\JavaSoft\Java Development Kit\1.8.0_45
Ignore:		1.8.0_45
Runtime used:	1.8.0_45 (64-bit)
Launcher:	C:\Program Files\Java\jre1.8.0_45\bin\javaw.exe
Launcher args:	-jar "C:\Users\John Doe\Desktop\FIRESYSTEM\cv\FIRE_SYSTEM\FireSystem\FireSystem.exe"
Args length:	84/32768 chars
Exit code:	0


Version:	3.8
CmdLine:	C:\Users\John Doe\Desktop\FIRESYSTEM\cv\FIRE_SYSTEM\FireSystem\FireSystem.exe --l4j-debug
WOW64:		yes
Working dir:	C:\Users\John Doe\Desktop\FIRESYSTEM\cv\FIRE_SYSTEM\FireSystem\.
64-bit search:	SOFTWARE\JavaSoft\Java Runtime Environment...
Check:		SOFTWARE\JavaSoft\Java Runtime Environment\1.7
Ignore:		1.7
Check:		SOFTWARE\JavaSoft\Java Runtime Environment\1.7.0_80
Check launcher:	C:\Program Files\Java\jre7\bin\javaw.exe (OK)
Match:		1.7.0_80
Check:		SOFTWARE\JavaSoft\Java Runtime Environment\1.8
Check launcher:	C:\Program Files\Java\jre1.8.0_45\bin\javaw.exe (OK)
Match:		1.8
Check:		SOFTWARE\JavaSoft\Java Runtime Environment\1.8.0_40
Check launcher:	C:\Program Files\Java\jre1.8.0_40\bin\javaw.exe (OK)
Match:		1.8.0_40
Check:		SOFTWARE\JavaSoft\Java Runtime Environment\1.8.0_45
Check launcher:	C:\Program Files\Java\jre1.8.0_45\bin\javaw.exe (OK)
Match:		1.8.0_45
64-bit search:	SOFTWARE\JavaSoft\Java Development Kit...
Check:		SOFTWARE\JavaSoft\Java Development Kit\1.7
Ignore:		1.7
Check:		SOFTWARE\JavaSoft\Java Development Kit\1.7.0_80
Ignore:		1.7.0_80
Check:		SOFTWARE\JavaSoft\Java Development Kit\1.8
Ignore:		1.8
Check:		SOFTWARE\JavaSoft\Java Development Kit\1.8.0_45
Ignore:		1.8.0_45
Runtime used:	1.8.0_45 (64-bit)
Launcher:	C:\Program Files\Java\jre1.8.0_45\bin\javaw.exe
Launcher args:	-jar "C:\Users\John Doe\Desktop\FIRESYSTEM\cv\FIRE_SYSTEM\FireSystem\FireSystem.exe"
Args length:	84/32768 chars
Exit code:	0


Version:	3.8
CmdLine:	C:\Users\John Doe\Desktop\FIRESYSTEM\cv\FIRE_SYSTEM\FireSystem\FireSystem.exe --l4j-debug
WOW64:		yes
64-bit search:	SOFTWARE\JavaSoft\Java Runtime Environment...
Check:		SOFTWARE\JavaSoft\Java Runtime Environment\1.7
Ignore:		1.7
Check:		SOFTWARE\JavaSoft\Java Runtime Environment\1.7.0_80
Check launcher:	C:\Program Files\Java\jre7\bin\javaw.exe (OK)
Match:		1.7.0_80
Check:		SOFTWARE\JavaSoft\Java Runtime Environment\1.8
Check launcher:	C:\Program Files\Java\jre1.8.0_45\bin\javaw.exe (OK)
Match:		1.8
Check:		SOFTWARE\JavaSoft\Java Runtime Environment\1.8.0_40
Check launcher:	C:\Program Files\Java\jre1.8.0_40\bin\javaw.exe (OK)
Match:		1.8.0_40
Check:		SOFTWARE\JavaSoft\Java Runtime Environment\1.8.0_45
Check launcher:	C:\Program Files\Java\jre1.8.0_45\bin\javaw.exe (OK)
Match:		1.8.0_45
64-bit search:	SOFTWARE\JavaSoft\Java Development Kit...
Check:		SOFTWARE\JavaSoft\Java Development Kit\1.7
Ignore:		1.7
Check:		SOFTWARE\JavaSoft\Java Development Kit\1.7.0_80
Ignore:		1.7.0_80
Check:		SOFTWARE\JavaSoft\Java Development Kit\1.8
Ignore:		1.8
Check:		SOFTWARE\JavaSoft\Java Development Kit\1.8.0_45
Ignore:		1.8.0_45
Runtime used:	1.8.0_45 (64-bit)
Launcher:	C:\Program Files\Java\jre1.8.0_45\bin\javaw.exe
Launcher args:	-jar "C:\Users\John Doe\Desktop\FIRESYSTEM\cv\FIRE_SYSTEM\FireSystem\FireSystem.exe"
Args length:	84/32768 chars
Exit code:	0


Version:	3.8
CmdLine:	C:\Users\John Doe\Desktop\FIRESYSTEM\cv\FIRE_SYSTEM\FireSystem\FireSystem.exe --l4j-debug
WOW64:		yes
64-bit search:	SOFTWARE\JavaSoft\Java Runtime Environment...
Check:		SOFTWARE\JavaSoft\Java Runtime Environment\1.7
Ignore:		1.7
Check:		SOFTWARE\JavaSoft\Java Runtime Environment\1.7.0_80
Check launcher:	C:\Program Files\Java\jre7\bin\javaw.exe (OK)
Match:		1.7.0_80
Check:		SOFTWARE\JavaSoft\Java Runtime Environment\1.8
Check launcher:	C:\Program Files\Java\jre1.8.0_45\bin\javaw.exe (OK)
Match:		1.8
Check:		SOFTWARE\JavaSoft\Java Runtime Environment\1.8.0_40
Check launcher:	C:\Program Files\Java\jre1.8.0_40\bin\javaw.exe (OK)
Match:		1.8.0_40
Check:		SOFTWARE\JavaSoft\Java Runtime Environment\1.8.0_45
Check launcher:	C:\Program Files\Java\jre1.8.0_45\bin\javaw.exe (OK)
Match:		1.8.0_45
64-bit search:	SOFTWARE\JavaSoft\Java Development Kit...
Check:		SOFTWARE\JavaSoft\Java Development Kit\1.7
Ignore:		1.7
Check:		SOFTWARE\JavaSoft\Java Development Kit\1.7.0_80
Ignore:		1.7.0_80
Check:		SOFTWARE\JavaSoft\Java Development Kit\1.8
Ignore:		1.8
Check:		SOFTWARE\JavaSoft\Java Development Kit\1.8.0_45
Ignore:		1.8.0_45
Runtime used:	1.8.0_45 (64-bit)
Launcher:	C:\Program Files\Java\jre1.8.0_45\bin\javaw.exe
Launcher args:	-jar "C:\Users\John Doe\Desktop\FIRESYSTEM\cv\FIRE_SYSTEM\FireSystem\FireSystem.exe"
Args length:	84/32768 chars
Exit code:	0


Version:	3.8
CmdLine:	C:\Users\John Doe\Desktop\FIRESYSTEM\cv\FIRE_SYSTEM\FireSystem\FireSystem.exe --l4j-debug
WOW64:		yes
Working dir:	C:\Users\John Doe\Desktop\FIRESYSTEM\cv\FIRE_SYSTEM\FireSystem\.
64-bit search:	SOFTWARE\JavaSoft\Java Runtime Environment...
Check:		SOFTWARE\JavaSoft\Java Runtime Environment\1.7
Ignore:		1.7
Check:		SOFTWARE\JavaSoft\Java Runtime Environment\1.7.0_80
Check launcher:	C:\Program Files\Java\jre7\bin\javaw.exe (OK)
Match:		1.7.0_80
Check:		SOFTWARE\JavaSoft\Java Runtime Environment\1.8
Check launcher:	C:\Program Files\Java\jre1.8.0_45\bin\javaw.exe (OK)
Match:		1.8
Check:		SOFTWARE\JavaSoft\Java Runtime Environment\1.8.0_40
Check launcher:	C:\Program Files\Java\jre1.8.0_40\bin\javaw.exe (OK)
Match:		1.8.0_40
Check:		SOFTWARE\JavaSoft\Java Runtime Environment\1.8.0_45
Check launcher:	C:\Program Files\Java\jre1.8.0_45\bin\javaw.exe (OK)
Match:		1.8.0_45
64-bit search:	SOFTWARE\JavaSoft\Java Development Kit...
Check:		SOFTWARE\JavaSoft\Java Development Kit\1.7
Ignore:		1.7
Check:		SOFTWARE\JavaSoft\Java Development Kit\1.7.0_80
Ignore:		1.7.0_80
Check:		SOFTWARE\JavaSoft\Java Development Kit\1.8
Ignore:		1.8
Check:		SOFTWARE\JavaSoft\Java Development Kit\1.8.0_45
Ignore:		1.8.0_45
Runtime used:	1.8.0_45 (64-bit)
Launcher:	C:\Program Files\Java\jre1.8.0_45\bin\javaw.exe
Launcher args:	-jar "C:\Users\John Doe\Desktop\FIRESYSTEM\cv\FIRE_SYSTEM\FireSystem\FireSystem.exe"
Args length:	84/32768 chars
Exit code:	0


Version:	3.8
CmdLine:	C:\Users\John Doe\Desktop\FIRESYSTEM\cv\FIRE_SYSTEM\FireSystem\FireSystem.exe --l4j-debug
WOW64:		yes
Working dir:	C:\Users\John Doe\Desktop\FIRESYSTEM\cv\FIRE_SYSTEM\FireSystem\..
64-bit search:	SOFTWARE\JavaSoft\Java Runtime Environment...
Check:		SOFTWARE\JavaSoft\Java Runtime Environment\1.7
Ignore:		1.7
Check:		SOFTWARE\JavaSoft\Java Runtime Environment\1.7.0_80
Check launcher:	C:\Program Files\Java\jre7\bin\javaw.exe (OK)
Match:		1.7.0_80
Check:		SOFTWARE\JavaSoft\Java Runtime Environment\1.8
Check launcher:	C:\Program Files\Java\jre1.8.0_45\bin\javaw.exe (OK)
Match:		1.8
Check:		SOFTWARE\JavaSoft\Java Runtime Environment\1.8.0_40
Check launcher:	C:\Program Files\Java\jre1.8.0_40\bin\javaw.exe (OK)
Match:		1.8.0_40
Check:		SOFTWARE\JavaSoft\Java Runtime Environment\1.8.0_45
Check launcher:	C:\Program Files\Java\jre1.8.0_45\bin\javaw.exe (OK)
Match:		1.8.0_45
64-bit search:	SOFTWARE\JavaSoft\Java Development Kit...
Check:		SOFTWARE\JavaSoft\Java Development Kit\1.7
Ignore:		1.7
Check:		SOFTWARE\JavaSoft\Java Development Kit\1.7.0_80
Ignore:		1.7.0_80
Check:		SOFTWARE\JavaSoft\Java Development Kit\1.8
Ignore:		1.8
Check:		SOFTWARE\JavaSoft\Java Development Kit\1.8.0_45
Ignore:		1.8.0_45
Runtime used:	1.8.0_45 (64-bit)
Launcher:	C:\Program Files\Java\jre1.8.0_45\bin\javaw.exe
Launcher args:	-jar "C:\Users\John Doe\Desktop\FIRESYSTEM\cv\FIRE_SYSTEM\FireSystem\FireSystem.exe"
Args length:	84/32768 chars
Exit code:	0


Version:	3.8
CmdLine:	C:\Users\John Doe\Desktop\FIRESYSTEM\cv\FIRE_SYSTEM\FireSystem\FireSystem.exe --l4j-debug
WOW64:		yes
Working dir:	C:\Users\John Doe\Desktop\FIRESYSTEM\cv\FIRE_SYSTEM\FireSystem\src\
64-bit search:	SOFTWARE\JavaSoft\Java Runtime Environment...
Check:		SOFTWARE\JavaSoft\Java Runtime Environment\1.7
Ignore:		1.7
Check:		SOFTWARE\JavaSoft\Java Runtime Environment\1.7.0_80
Check launcher:	C:\Program Files\Java\jre7\bin\javaw.exe (OK)
Match:		1.7.0_80
Check:		SOFTWARE\JavaSoft\Java Runtime Environment\1.8
Check launcher:	C:\Program Files\Java\jre1.8.0_45\bin\javaw.exe (OK)
Match:		1.8
Check:		SOFTWARE\JavaSoft\Java Runtime Environment\1.8.0_40
Check launcher:	C:\Program Files\Java\jre1.8.0_40\bin\javaw.exe (OK)
Match:		1.8.0_40
Check:		SOFTWARE\JavaSoft\Java Runtime Environment\1.8.0_45
Check launcher:	C:\Program Files\Java\jre1.8.0_45\bin\javaw.exe (OK)
Match:		1.8.0_45
64-bit search:	SOFTWARE\JavaSoft\Java Development Kit...
Check:		SOFTWARE\JavaSoft\Java Development Kit\1.7
Ignore:		1.7
Check:		SOFTWARE\JavaSoft\Java Development Kit\1.7.0_80
Ignore:		1.7.0_80
Check:		SOFTWARE\JavaSoft\Java Development Kit\1.8
Ignore:		1.8
Check:		SOFTWARE\JavaSoft\Java Development Kit\1.8.0_45
Ignore:		1.8.0_45
Runtime used:	1.8.0_45 (64-bit)
Launcher:	C:\Program Files\Java\jre1.8.0_45\bin\javaw.exe
Launcher args:	-jar "C:\Users\John Doe\Desktop\FIRESYSTEM\cv\FIRE_SYSTEM\FireSystem\FireSystem.exe"
Args length:	84/32768 chars
Exit code:	0


Version:	3.8
CmdLine:	C:\Users\John Doe\Desktop\FIRESYSTEM\cv\FIRE_SYSTEM\FireSystem\FireSystem.exe --l4j-debug
WOW64:		yes
Working dir:	C:\Users\John Doe\Desktop\FIRESYSTEM\cv\FIRE_SYSTEM\FireSystem\.
64-bit search:	SOFTWARE\JavaSoft\Java Runtime Environment...
Check:		SOFTWARE\JavaSoft\Java Runtime Environment\1.7
Ignore:		1.7
Check:		SOFTWARE\JavaSoft\Java Runtime Environment\1.7.0_80
Check launcher:	C:\Program Files\Java\jre7\bin\javaw.exe (OK)
Match:		1.7.0_80
Check:		SOFTWARE\JavaSoft\Java Runtime Environment\1.8
Check launcher:	C:\Program Files\Java\jre1.8.0_45\bin\javaw.exe (OK)
Match:		1.8
Check:		SOFTWARE\JavaSoft\Java Runtime Environment\1.8.0_40
Check launcher:	C:\Program Files\Java\jre1.8.0_40\bin\javaw.exe (OK)
Match:		1.8.0_40
Check:		SOFTWARE\JavaSoft\Java Runtime Environment\1.8.0_45
Check launcher:	C:\Program Files\Java\jre1.8.0_45\bin\javaw.exe (OK)
Match:		1.8.0_45
64-bit search:	SOFTWARE\JavaSoft\Java Development Kit...
Check:		SOFTWARE\JavaSoft\Java Development Kit\1.7
Ignore:		1.7
Check:		SOFTWARE\JavaSoft\Java Development Kit\1.7.0_80
Ignore:		1.7.0_80
Check:		SOFTWARE\JavaSoft\Java Development Kit\1.8
Ignore:		1.8
Check:		SOFTWARE\JavaSoft\Java Development Kit\1.8.0_45
Ignore:		1.8.0_45
Runtime used:	1.8.0_45 (64-bit)
Launcher:	C:\Program Files\Java\jre1.8.0_45\bin\javaw.exe
Launcher args:	-jar "C:\Users\John Doe\Desktop\FIRESYSTEM\cv\FIRE_SYSTEM\FireSystem\FireSystem.exe"
Args length:	84/32768 chars
Exit code:	0


Version:	3.8
CmdLine:	C:\Users\John Doe\Desktop\FIRESYSTEM\cv\FIRE_SYSTEM\FireSystem\FireSystem.exe --l4j-debug
WOW64:		yes
Working dir:	C:\Users\John Doe\Desktop\FIRESYSTEM\cv\FIRE_SYSTEM\FireSystem\.
64-bit search:	SOFTWARE\JavaSoft\Java Runtime Environment...
Check:		SOFTWARE\JavaSoft\Java Runtime Environment\1.7
Ignore:		1.7
Check:		SOFTWARE\JavaSoft\Java Runtime Environment\1.7.0_80
Check launcher:	C:\Program Files\Java\jre7\bin\javaw.exe (OK)
Match:		1.7.0_80
Check:		SOFTWARE\JavaSoft\Java Runtime Environment\1.8
Check launcher:	C:\Program Files\Java\jre1.8.0_45\bin\javaw.exe (OK)
Match:		1.8
Check:		SOFTWARE\JavaSoft\Java Runtime Environment\1.8.0_40
Check launcher:	C:\Program Files\Java\jre1.8.0_40\bin\javaw.exe (OK)
Match:		1.8.0_40
Check:		SOFTWARE\JavaSoft\Java Runtime Environment\1.8.0_45
Check launcher:	C:\Program Files\Java\jre1.8.0_45\bin\javaw.exe (OK)
Match:		1.8.0_45
64-bit search:	SOFTWARE\JavaSoft\Java Development Kit...
Check:		SOFTWARE\JavaSoft\Java Development Kit\1.7
Ignore:		1.7
Check:		SOFTWARE\JavaSoft\Java Development Kit\1.7.0_80
Ignore:		1.7.0_80
Check:		SOFTWARE\JavaSoft\Java Development Kit\1.8
Ignore:		1.8
Check:		SOFTWARE\JavaSoft\Java Development Kit\1.8.0_45
Ignore:		1.8.0_45
Runtime used:	1.8.0_45 (64-bit)
Launcher:	C:\Program Files\Java\jre1.8.0_45\bin\javaw.exe
Launcher args:	-jar "C:\Users\John Doe\Desktop\FIRESYSTEM\cv\FIRE_SYSTEM\FireSystem\dist\FireSystem.jar"
Args length:	89/32768 chars
Exit code:	0
